<?xml version="1.0" encoding="UTF-8"?>
<!-- Generated by org.testng.reporters.JUnitXMLReporter -->
<testsuite ignored="0" hostname="LTIN674304" failures="0" tests="3" name="Default test" time="60.623" errors="0" timestamp="2026-02-19T10:34:14 IST">
  <testcase classname="tests.LoginErrorTest" name="validateLoginError" time="4.054"/>
  <testcase classname="tests.IdentifyNewBikesTest" name="identifyNewBikes" time="8.406"/>
  <testcase classname="tests.BuyUsedCarInCityTest" name="buyUsedCarChennai" time="15.574"/>
</testsuite> <!-- Default test -->
