<?xml version="1.0" encoding="UTF-8"?>
<!-- Generated by org.testng.reporters.JUnitXMLReporter -->
<testsuite ignored="0" hostname="LTIN674304" failures="0" tests="3" name="Default test" time="61.787" errors="0" timestamp="2026-02-17T09:35:39 IST">
  <testcase classname="tests.LoginErrorTest" name="validateLoginError" time="5.274"/>
  <testcase classname="tests.IdentifyNewBikesTest" name="identifyNewBikes" time="7.554"/>
  <testcase classname="tests.BuyUsedCarInCityTest" name="buyUsedCarChennai" time="18.265"/>
</testsuite> <!-- Default test -->
