<?xml version="1.0" encoding="UTF-8"?>
<testng-results ignored="0" total="3" passed="3" failed="0" skipped="0">
  <reporter-output>
  </reporter-output>
  <suite started-at="2026-02-17T09:34:37 IST" name="Default suite" finished-at="2026-02-17T09:35:39 IST" duration-ms="61787">
    <groups>
    </groups>
    <test started-at="2026-02-17T09:34:37 IST" name="Default test" finished-at="2026-02-17T09:35:39 IST" duration-ms="61787">
      <class name="tests.LoginErrorTest">
        <test-method is-config="true" signature="setUp()[pri:0, instance:tests.LoginErrorTest@2d1ef81a]" started-at="2026-02-17T09:34:37 IST" name="setUp" finished-at="2026-02-17T09:34:43 IST" duration-ms="6113" status="PASS">
          <reporter-output>
          </reporter-output>
        </test-method> <!-- setUp -->
        <test-method signature="validateLoginError()[pri:0, instance:tests.LoginErrorTest@2d1ef81a]" started-at="2026-02-17T09:34:43 IST" name="validateLoginError" description="Validate invalid mobile error and capture warning screenshot" finished-at="2026-02-17T09:34:49 IST" duration-ms="5274" status="PASS">
          <reporter-output>
          </reporter-output>
        </test-method> <!-- validateLoginError -->
        <test-method is-config="true" signature="tearDown()[pri:0, instance:tests.LoginErrorTest@2d1ef81a]" started-at="2026-02-17T09:34:49 IST" name="tearDown" finished-at="2026-02-17T09:34:53 IST" duration-ms="4453" status="PASS">
          <reporter-output>
          </reporter-output>
        </test-method> <!-- tearDown -->
      </class> <!-- tests.LoginErrorTest -->
      <class name="tests.BuyUsedCarInCityTest">
        <test-method is-config="true" signature="setUp()[pri:0, instance:tests.BuyUsedCarInCityTest@489115ef]" started-at="2026-02-17T09:35:10 IST" name="setUp" finished-at="2026-02-17T09:35:15 IST" duration-ms="4484" status="PASS">
          <reporter-output>
          </reporter-output>
        </test-method> <!-- setUp -->
        <test-method signature="buyUsedCarChennai()[pri:0, instance:tests.BuyUsedCarInCityTest@489115ef]" started-at="2026-02-17T09:35:15 IST" name="buyUsedCarChennai" description="Extract popular used car models in Chennai and write to Excel" finished-at="2026-02-17T09:35:33 IST" duration-ms="18265" status="PASS">
          <reporter-output>
          </reporter-output>
        </test-method> <!-- buyUsedCarChennai -->
        <test-method is-config="true" signature="tearDown()[pri:0, instance:tests.BuyUsedCarInCityTest@489115ef]" started-at="2026-02-17T09:35:33 IST" name="tearDown" finished-at="2026-02-17T09:35:39 IST" duration-ms="5606" status="PASS">
          <reporter-output>
          </reporter-output>
        </test-method> <!-- tearDown -->
      </class> <!-- tests.BuyUsedCarInCityTest -->
      <class name="tests.IdentifyNewBikesTest">
        <test-method is-config="true" signature="setUp()[pri:0, instance:tests.IdentifyNewBikesTest@15de0b3c]" started-at="2026-02-17T09:34:53 IST" name="setUp" finished-at="2026-02-17T09:34:58 IST" duration-ms="4160" status="PASS">
          <reporter-output>
          </reporter-output>
        </test-method> <!-- setUp -->
        <test-method signature="identifyNewBikes()[pri:0, instance:tests.IdentifyNewBikesTest@15de0b3c]" started-at="2026-02-17T09:34:58 IST" name="identifyNewBikes" description="Identify upcoming Honda bikes under 4 Lakh and capture screenshot" finished-at="2026-02-17T09:35:05 IST" duration-ms="7554" status="PASS">
          <reporter-output>
          </reporter-output>
        </test-method> <!-- identifyNewBikes -->
        <test-method is-config="true" signature="tearDown()[pri:0, instance:tests.IdentifyNewBikesTest@15de0b3c]" started-at="2026-02-17T09:35:05 IST" name="tearDown" finished-at="2026-02-17T09:35:10 IST" duration-ms="4776" status="PASS">
          <reporter-output>
          </reporter-output>
        </test-method> <!-- tearDown -->
      </class> <!-- tests.IdentifyNewBikesTest -->
    </test> <!-- Default test -->
  </suite> <!-- Default suite -->
</testng-results>
