<?xml version="1.0" encoding="UTF-8"?>
<testng-results ignored="0" total="3" passed="3" failed="0" skipped="0">
  <reporter-output>
  </reporter-output>
  <suite started-at="2026-02-19T10:33:13 IST" name="Default suite" finished-at="2026-02-19T10:34:14 IST" duration-ms="60623">
    <groups>
    </groups>
    <test started-at="2026-02-19T10:33:13 IST" name="Default test" finished-at="2026-02-19T10:34:14 IST" duration-ms="60623">
      <class name="tests.LoginErrorTest">
        <test-method is-config="true" signature="setUp()[pri:0, instance:tests.LoginErrorTest@2d1ef81a]" started-at="2026-02-19T10:33:14 IST" name="setUp" finished-at="2026-02-19T10:33:19 IST" duration-ms="5608" status="PASS">
          <reporter-output>
          </reporter-output>
        </test-method> <!-- setUp -->
        <test-method signature="validateLoginError()[pri:0, instance:tests.LoginErrorTest@2d1ef81a]" started-at="2026-02-19T10:33:19 IST" name="validateLoginError" description="Validate invalid mobile error and capture warning screenshot" finished-at="2026-02-19T10:33:23 IST" duration-ms="4054" status="PASS">
          <reporter-output>
          </reporter-output>
        </test-method> <!-- validateLoginError -->
        <test-method is-config="true" signature="tearDown()[pri:0, instance:tests.LoginErrorTest@2d1ef81a]" started-at="2026-02-19T10:33:24 IST" name="tearDown" finished-at="2026-02-19T10:33:28 IST" duration-ms="4039" status="PASS">
          <reporter-output>
          </reporter-output>
        </test-method> <!-- tearDown -->
      </class> <!-- tests.LoginErrorTest -->
      <class name="tests.BuyUsedCarInCityTest">
        <test-method is-config="true" signature="setUp()[pri:0, instance:tests.BuyUsedCarInCityTest@489115ef]" started-at="2026-02-19T10:33:47 IST" name="setUp" finished-at="2026-02-19T10:33:52 IST" duration-ms="5249" status="PASS">
          <reporter-output>
          </reporter-output>
        </test-method> <!-- setUp -->
        <test-method signature="buyUsedCarChennai()[pri:0, instance:tests.BuyUsedCarInCityTest@489115ef]" started-at="2026-02-19T10:33:52 IST" name="buyUsedCarChennai" description="Extract popular used car models in Chennai and write to Excel" finished-at="2026-02-19T10:34:08 IST" duration-ms="15574" status="PASS">
          <reporter-output>
          </reporter-output>
        </test-method> <!-- buyUsedCarChennai -->
        <test-method is-config="true" signature="tearDown()[pri:0, instance:tests.BuyUsedCarInCityTest@489115ef]" started-at="2026-02-19T10:34:08 IST" name="tearDown" finished-at="2026-02-19T10:34:14 IST" duration-ms="6205" status="PASS">
          <reporter-output>
          </reporter-output>
        </test-method> <!-- tearDown -->
      </class> <!-- tests.BuyUsedCarInCityTest -->
      <class name="tests.IdentifyNewBikesTest">
        <test-method is-config="true" signature="setUp()[pri:0, instance:tests.IdentifyNewBikesTest@15de0b3c]" started-at="2026-02-19T10:33:28 IST" name="setUp" finished-at="2026-02-19T10:33:32 IST" duration-ms="4823" status="PASS">
          <reporter-output>
          </reporter-output>
        </test-method> <!-- setUp -->
        <test-method signature="identifyNewBikes()[pri:0, instance:tests.IdentifyNewBikesTest@15de0b3c]" started-at="2026-02-19T10:33:32 IST" name="identifyNewBikes" description="Identify upcoming Honda bikes under 4 Lakh and capture screenshot" finished-at="2026-02-19T10:33:41 IST" duration-ms="8406" status="PASS">
          <reporter-output>
          </reporter-output>
        </test-method> <!-- identifyNewBikes -->
        <test-method is-config="true" signature="tearDown()[pri:0, instance:tests.IdentifyNewBikesTest@15de0b3c]" started-at="2026-02-19T10:33:41 IST" name="tearDown" finished-at="2026-02-19T10:33:47 IST" duration-ms="5670" status="PASS">
          <reporter-output>
          </reporter-output>
        </test-method> <!-- tearDown -->
      </class> <!-- tests.IdentifyNewBikesTest -->
    </test> <!-- Default test -->
  </suite> <!-- Default suite -->
</testng-results>
